# JRE version: OpenJDK Runtime Environment Microsoft-40648 (11.0.16.1+1) (build 11.0.16.1+1-LTS)
# Java VM: OpenJDK 64-Bit Server VM Microsoft-40648 (11.0.16.1+1-LTS, mixed mode, tiered, compressed oops, g1 gc, windows-amd64)
Heap:
 garbage-first heap   total 165888K, used 103700K [0x00000000c0000000, 0x0000000100000000)
  region size 1024K, 10 young (10240K), 1 survivors (1024K)
 Metaspace       used 125406K, capacity 128784K, committed 128896K, reserved 1161216K
  class space    used 15267K, capacity 16674K, committed 16768K, reserved 1048576K
GC Heap History (20 events):
Event: 85.612 GC heap before
{Heap before GC invocations=77 (full 0):
 garbage-first heap   total 138240K, used 112081K [0x00000000c0000000, 0x0000000100000000)
  region size 1024K, 37 young (37888K), 3 survivors (3072K)
 Metaspace       used 121218K, capacity 124355K, committed 124544K, reserved 1157120K
  class space    used 14857K, capacity 16155K, committed 16256K, reserved 1048576K
}
Event: 85.639 GC heap after
{Heap after GC invocations=78 (full 0):
 garbage-first heap   total 138240K, used 80697K [0x00000000c0000000, 0x0000000100000000)
  region size 1024K, 5 young (5120K), 5 survivors (5120K)
 Metaspace       used 121218K, capacity 124355K, committed 124544K, reserved 1157120K
  class space    used 14857K, capacity 16155K, committed 16256K, reserved 1048576K
}
Event: 89.481 GC heap before
{Heap before GC invocations=79 (full 0):
 garbage-first heap   total 138240K, used 113465K [0x00000000c0000000, 0x0000000100000000)
  region size 1024K, 37 young (37888K), 5 survivors (5120K)
 Metaspace       used 122929K, capacity 126130K, committed 126208K, reserved 1159168K
  class space    used 15048K, capacity 16376K, committed 16384K, reserved 1048576K
}
Event: 89.529 GC heap after
{Heap after GC invocations=80 (full 0):
 garbage-first heap   total 138240K, used 83254K [0x00000000c0000000, 0x0000000100000000)
  region size 1024K, 3 young (3072K), 3 survivors (3072K)
 Metaspace       used 122929K, capacity 126130K, committed 126208K, reserved 1159168K
  class space    used 15048K, capacity 16376K, committed 16384K, reserved 1048576K
}
Event: 92.601 GC heap before
{Heap before GC invocations=80 (full 0):
 garbage-first heap   total 138240K, used 112950K [0x00000000c0000000, 0x0000000100000000)
  region size 1024K, 33 young (33792K), 3 survivors (3072K)
 Metaspace       used 123754K, capacity 126992K, committed 127104K, reserved 1159168K
  class space    used 15116K, capacity 16479K, committed 16512K, reserved 1048576K
}
Event: 92.620 GC heap after
{Heap after GC invocations=81 (full 0):
 garbage-first heap   total 138240K, used 84657K [0x00000000c0000000, 0x0000000100000000)
  region size 1024K, 4 young (4096K), 4 survivors (4096K)
 Metaspace       used 123754K, capacity 126992K, committed 127104K, reserved 1159168K
  class space    used 15116K, capacity 16479K, committed 16512K, reserved 1048576K
}
Event: 95.595 GC heap before
{Heap before GC invocations=82 (full 0):
 garbage-first heap   total 138240K, used 113329K [0x00000000c0000000, 0x0000000100000000)
  region size 1024K, 34 young (34816K), 4 survivors (4096K)
 Metaspace       used 124936K, capacity 128255K, committed 128512K, reserved 1161216K
  class space    used 15238K, capacity 16632K, committed 16640K, reserved 1048576K
}
Event: 95.616 GC heap after
{Heap after GC invocations=83 (full 0):
 garbage-first heap   total 138240K, used 84731K [0x00000000c0000000, 0x0000000100000000)
  region size 1024K, 3 young (3072K), 3 survivors (3072K)
 Metaspace       used 124936K, capacity 128255K, committed 128512K, reserved 1161216K
  class space    used 15238K, capacity 16632K, committed 16640K, reserved 1048576K
}
Event: 95.767 GC heap before
{Heap before GC invocations=83 (full 0):
 garbage-first heap   total 138240K, used 86779K [0x00000000c0000000, 0x0000000100000000)
  region size 1024K, 6 young (6144K), 3 survivors (3072K)
 Metaspace       used 124968K, capacity 128319K, committed 128512K, reserved 1161216K
  class space    used 15238K, capacity 16632K, committed 16640K, reserved 1048576K
}
Event: 95.796 GC heap after
{Heap after GC invocations=84 (full 0):
 garbage-first heap   total 138240K, used 77672K [0x00000000c0000000, 0x0000000100000000)
  region size 1024K, 1 young (1024K), 1 survivors (1024K)
 Metaspace       used 124968K, capacity 128319K, committed 128512K, reserved 1161216K
  class space    used 15238K, capacity 16632K, committed 16640K, reserved 1048576K
}
Event: 96.730 GC heap before
{Heap before GC invocations=84 (full 0):
 garbage-first heap   total 138240K, used 110440K [0x00000000c0000000, 0x0000000100000000)
  region size 1024K, 34 young (34816K), 1 survivors (1024K)
 Metaspace       used 125325K, capacity 128655K, committed 128896K, reserved 1161216K
  class space    used 15268K, capacity 16676K, committed 16768K, reserved 1048576K
}
Event: 96.760 GC heap after
{Heap after GC invocations=85 (full 0):
 garbage-first heap   total 138240K, used 82245K [0x00000000c0000000, 0x0000000100000000)
  region size 1024K, 5 young (5120K), 5 survivors (5120K)
 Metaspace       used 125325K, capacity 128655K, committed 128896K, reserved 1161216K
  class space    used 15268K, capacity 16676K, committed 16768K, reserved 1048576K
}
Event: 98.815 GC heap before
{Heap before GC invocations=86 (full 0):
 garbage-first heap   total 138240K, used 112965K [0x00000000c0000000, 0x0000000100000000)
  region size 1024K, 35 young (35840K), 5 survivors (5120K)
 Metaspace       used 125331K, capacity 128649K, committed 128896K, reserved 1161216K
  class space    used 15267K, capacity 16673K, committed 16768K, reserved 1048576K
}
Event: 98.891 GC heap after
{Heap after GC invocations=87 (full 0):
 garbage-first heap   total 138240K, used 91337K [0x00000000c0000000, 0x0000000100000000)
  region size 1024K, 5 young (5120K), 5 survivors (5120K)
 Metaspace       used 125331K, capacity 128649K, committed 128896K, reserved 1161216K
  class space    used 15267K, capacity 16673K, committed 16768K, reserved 1048576K
}
Event: 98.899 GC heap before
{Heap before GC invocations=87 (full 0):
 garbage-first heap   total 138240K, used 92361K [0x00000000c0000000, 0x0000000100000000)
  region size 1024K, 6 young (6144K), 5 survivors (5120K)
 Metaspace       used 125331K, capacity 128649K, committed 128896K, reserved 1161216K
  class space    used 15267K, capacity 16673K, committed 16768K, reserved 1048576K
}
Event: 98.946 GC heap after
{Heap after GC invocations=88 (full 0):
 garbage-first heap   total 138240K, used 91577K [0x00000000c0000000, 0x0000000100000000)
  region size 1024K, 1 young (1024K), 1 survivors (1024K)
 Metaspace       used 125331K, capacity 128649K, committed 128896K, reserved 1161216K
  class space    used 15267K, capacity 16673K, committed 16768K, reserved 1048576K
}
Event: 99.827 GC heap before
{Heap before GC invocations=88 (full 0):
 garbage-first heap   total 138240K, used 110009K [0x00000000c0000000, 0x0000000100000000)
  region size 1024K, 20 young (20480K), 1 survivors (1024K)
 Metaspace       used 125400K, capacity 128784K, committed 128896K, reserved 1161216K
  class space    used 15267K, capacity 16674K, committed 16768K, reserved 1048576K
}
Event: 99.868 GC heap after
{Heap after GC invocations=89 (full 0):
 garbage-first heap   total 138240K, used 94720K [0x00000000c0000000, 0x0000000100000000)
  region size 1024K, 3 young (3072K), 3 survivors (3072K)
 Metaspace       used 125400K, capacity 128784K, committed 128896K, reserved 1161216K
  class space    used 15267K, capacity 16674K, committed 16768K, reserved 1048576K
}
Event: 100.722 GC heap before
{Heap before GC invocations=89 (full 0):
 garbage-first heap   total 138240K, used 111104K [0x00000000c0000000, 0x0000000100000000)
  region size 1024K, 20 young (20480K), 3 survivors (3072K)
 Metaspace       used 125404K, capacity 128784K, committed 128896K, reserved 1161216K
  class space    used 15267K, capacity 16674K, committed 16768K, reserved 1048576K
}
Event: 100.744 GC heap after
{Heap after GC invocations=90 (full 0):
 garbage-first heap   total 165888K, used 95508K [0x00000000c0000000, 0x0000000100000000)
  region size 1024K, 1 young (1024K), 1 survivors (1024K)
 Metaspace       used 125404K, capacity 128784K, committed 128896K, reserved 1161216K
  class space    used 15267K, capacity 16674K, committed 16768K, reserved 1048576K
}

