# JRE version: OpenJDK Runtime Environment (17.0.11) (build 17.0.11+0--11852314)
# Java VM: OpenJDK 64-Bit Server VM (17.0.11+0--11852314, mixed mode, tiered, compressed oops, compressed class ptrs, g1 gc, windows-amd64)
GC Precious Log:
 CPUs: 2 total, 2 available
 Memory: 3918M
 Large Page Support: Disabled
 NUMA Support: Disabled
 Compressed Oops: Enabled (32-bit)
 Heap Region Size: 1M
 Heap Min Capacity: 8M
 Heap Initial Capacity: 62M
 Heap Max Capacity: 2G
 Pre-touch: Disabled
 Parallel Workers: 2
 Concurrent Workers: 1
 Concurrent Refinement Workers: 2
 Periodic GC: Disabled
Heap:
 garbage-first heap   total 389120K, used 139577K [0x0000000080000000, 0x0000000100000000)
  region size 1024K, 4 young (4096K), 4 survivors (4096K)
 Metaspace       used 138840K, committed 139712K, reserved 1179648K
  class space    used 17914K, committed 18304K, reserved 1048576K
GC Heap History (20 events):
Event: 41.409 GC heap after
{Heap after GC invocations=61 (full 0):
 garbage-first heap   total 173056K, used 95625K [0x0000000080000000, 0x0000000100000000)
  region size 1024K, 8 young (8192K), 8 survivors (8192K)
 Metaspace       used 94983K, committed 95680K, reserved 1179648K
  class space    used 13119K, committed 13440K, reserved 1048576K
}
Event: 41.443 GC heap before
{Heap before GC invocations=61 (full 0):
 garbage-first heap   total 173056K, used 96649K [0x0000000080000000, 0x0000000100000000)
  region size 1024K, 9 young (9216K), 8 survivors (8192K)
 Metaspace       used 95154K, committed 95872K, reserved 1179648K
  class space    used 13139K, committed 13440K, reserved 1048576K
}
Event: 41.469 GC heap after
{Heap after GC invocations=62 (full 0):
 garbage-first heap   total 173056K, used 96256K [0x0000000080000000, 0x0000000100000000)
  region size 1024K, 1 young (1024K), 1 survivors (1024K)
 Metaspace       used 95154K, committed 95872K, reserved 1179648K
  class space    used 13139K, committed 13440K, reserved 1048576K
}
Event: 42.687 GC heap before
{Heap before GC invocations=62 (full 0):
 garbage-first heap   total 173056K, used 145408K [0x0000000080000000, 0x0000000100000000)
  region size 1024K, 42 young (43008K), 1 survivors (1024K)
 Metaspace       used 99640K, committed 100352K, reserved 1179648K
  class space    used 13632K, committed 13952K, reserved 1048576K
}
Event: 42.698 GC heap after
{Heap after GC invocations=63 (full 0):
 garbage-first heap   total 173056K, used 105472K [0x0000000080000000, 0x0000000100000000)
  region size 1024K, 3 young (3072K), 3 survivors (3072K)
 Metaspace       used 99640K, committed 100352K, reserved 1179648K
  class space    used 13632K, committed 13952K, reserved 1048576K
}
Event: 43.691 GC heap before
{Heap before GC invocations=64 (full 0):
 garbage-first heap   total 179200K, used 139264K [0x0000000080000000, 0x0000000100000000)
  region size 1024K, 38 young (38912K), 3 survivors (3072K)
 Metaspace       used 103921K, committed 104704K, reserved 1179648K
  class space    used 14000K, committed 14336K, reserved 1048576K
}
Event: 43.702 GC heap after
{Heap after GC invocations=65 (full 0):
 garbage-first heap   total 179200K, used 105120K [0x0000000080000000, 0x0000000100000000)
  region size 1024K, 2 young (2048K), 2 survivors (2048K)
 Metaspace       used 103921K, committed 104704K, reserved 1179648K
  class space    used 14000K, committed 14336K, reserved 1048576K
}
Event: 43.858 GC heap before
{Heap before GC invocations=65 (full 0):
 garbage-first heap   total 179200K, used 111264K [0x0000000080000000, 0x0000000100000000)
  region size 1024K, 8 young (8192K), 2 survivors (2048K)
 Metaspace       used 104703K, committed 105408K, reserved 1179648K
  class space    used 14089K, committed 14400K, reserved 1048576K
}
Event: 43.870 GC heap after
{Heap after GC invocations=66 (full 0):
 garbage-first heap   total 389120K, used 104488K [0x0000000080000000, 0x0000000100000000)
  region size 1024K, 1 young (1024K), 1 survivors (1024K)
 Metaspace       used 104703K, committed 105408K, reserved 1179648K
  class space    used 14089K, committed 14400K, reserved 1048576K
}
Event: 59.574 GC heap before
{Heap before GC invocations=66 (full 0):
 garbage-first heap   total 389120K, used 328744K [0x0000000080000000, 0x0000000100000000)
  region size 1024K, 220 young (225280K), 1 survivors (1024K)
 Metaspace       used 126426K, committed 127232K, reserved 1179648K
  class space    used 16719K, committed 17088K, reserved 1048576K
}
Event: 59.777 GC heap after
{Heap after GC invocations=67 (full 0):
 garbage-first heap   total 389120K, used 116483K [0x0000000080000000, 0x0000000100000000)
  region size 1024K, 13 young (13312K), 13 survivors (13312K)
 Metaspace       used 126426K, committed 127232K, reserved 1179648K
  class space    used 16719K, committed 17088K, reserved 1048576K
}
Event: 73.225 GC heap before
{Heap before GC invocations=67 (full 0):
 garbage-first heap   total 389120K, used 304899K [0x0000000080000000, 0x0000000100000000)
  region size 1024K, 197 young (201728K), 13 survivors (13312K)
 Metaspace       used 138618K, committed 139392K, reserved 1179648K
  class space    used 17901K, committed 18240K, reserved 1048576K
}
Event: 73.368 GC heap after
{Heap after GC invocations=68 (full 0):
 garbage-first heap   total 389120K, used 123391K [0x0000000080000000, 0x0000000100000000)
  region size 1024K, 18 young (18432K), 18 survivors (18432K)
 Metaspace       used 138618K, committed 139392K, reserved 1179648K
  class space    used 17901K, committed 18240K, reserved 1048576K
}
Event: 77.235 GC heap before
{Heap before GC invocations=68 (full 0):
 garbage-first heap   total 389120K, used 312831K [0x0000000080000000, 0x0000000100000000)
  region size 1024K, 203 young (207872K), 18 survivors (18432K)
 Metaspace       used 138728K, committed 139520K, reserved 1179648K
  class space    used 17908K, committed 18240K, reserved 1048576K
}
Event: 77.652 GC heap after
{Heap after GC invocations=69 (full 0):
 garbage-first heap   total 389120K, used 137977K [0x0000000080000000, 0x0000000100000000)
  region size 1024K, 21 young (21504K), 21 survivors (21504K)
 Metaspace       used 138728K, committed 139520K, reserved 1179648K
  class space    used 17908K, committed 18240K, reserved 1048576K
}
Event: 79.136 GC heap before
{Heap before GC invocations=69 (full 0):
 garbage-first heap   total 389120K, used 167673K [0x0000000080000000, 0x0000000100000000)
  region size 1024K, 50 young (51200K), 21 survivors (21504K)
 Metaspace       used 138740K, committed 139520K, reserved 1179648K
  class space    used 17909K, committed 18240K, reserved 1048576K
}
Event: 79.602 GC heap after
{Heap after GC invocations=70 (full 0):
 garbage-first heap   total 389120K, used 138752K [0x0000000080000000, 0x0000000100000000)
  region size 1024K, 2 young (2048K), 2 survivors (2048K)
 Metaspace       used 138740K, committed 139520K, reserved 1179648K
  class space    used 17909K, committed 18240K, reserved 1048576K
}
Event: 81.402 GC heap before
{Heap before GC invocations=70 (full 0):
 garbage-first heap   total 389120K, used 252416K [0x0000000080000000, 0x0000000100000000)
  region size 1024K, 113 young (115712K), 2 survivors (2048K)
 Metaspace       used 138744K, committed 139520K, reserved 1179648K
  class space    used 17909K, committed 18240K, reserved 1048576K
}
Event: 81.466 GC heap after
{Heap after GC invocations=71 (full 0):
 garbage-first heap   total 389120K, used 139776K [0x0000000080000000, 0x0000000100000000)
  region size 1024K, 3 young (3072K), 3 survivors (3072K)
 Metaspace       used 138744K, committed 139520K, reserved 1179648K
  class space    used 17909K, committed 18240K, reserved 1048576K
}
Event: 86.048 GC heap before
{Heap before GC invocations=71 (full 0):
 garbage-first heap   total 389120K, used 323072K [0x0000000080000000, 0x0000000100000000)
  region size 1024K, 182 young (186368K), 3 survivors (3072K)
 Metaspace       used 138840K, committed 139712K, reserved 1179648K
  class space    used 17914K, committed 18304K, reserved 1048576K
}

