# JRE version: OpenJDK Runtime Environment (17.0.11) (build 17.0.11+0--11852314)
# Java VM: OpenJDK 64-Bit Server VM (17.0.11+0--11852314, mixed mode, tiered, compressed oops, compressed class ptrs, g1 gc, windows-amd64)
GC Precious Log:
 CPUs: 2 total, 2 available
 Memory: 3918M
 Large Page Support: Disabled
 NUMA Support: Disabled
 Compressed Oops: Enabled (32-bit)
 Heap Region Size: 1M
 Heap Min Capacity: 8M
 Heap Initial Capacity: 62M
 Heap Max Capacity: 1G
 Pre-touch: Disabled
 Parallel Workers: 2
 Concurrent Workers: 1
 Concurrent Refinement Workers: 2
 Periodic GC: Disabled
Heap:
 garbage-first heap   total 313344K, used 224062K [0x00000000c0000000, 0x0000000100000000)
  region size 1024K, 45 young (46080K), 2 survivors (2048K)
 Metaspace       used 147173K, committed 148032K, reserved 1179648K
  class space    used 18931K, committed 19328K, reserved 1048576K
GC Heap History (20 events):
Event: 126.013 GC heap before
{Heap before GC invocations=96 (full 0):
 garbage-first heap   total 307200K, used 284403K [0x00000000c0000000, 0x0000000100000000)
  region size 1024K, 158 young (161792K), 2 survivors (2048K)
 Metaspace       used 89867K, committed 90624K, reserved 1179648K
  class space    used 12345K, committed 12672K, reserved 1048576K
}
Event: 126.194 GC heap after
{Heap after GC invocations=97 (full 0):
 garbage-first heap   total 313344K, used 139665K [0x00000000c0000000, 0x0000000100000000)
  region size 1024K, 20 young (20480K), 20 survivors (20480K)
 Metaspace       used 89867K, committed 90624K, reserved 1179648K
  class space    used 12345K, committed 12672K, reserved 1048576K
}
Event: 129.956 GC heap before
{Heap before GC invocations=97 (full 0):
 garbage-first heap   total 313344K, used 246161K [0x00000000c0000000, 0x0000000100000000)
  region size 1024K, 114 young (116736K), 20 survivors (20480K)
 Metaspace       used 100566K, committed 101312K, reserved 1179648K
  class space    used 13467K, committed 13824K, reserved 1048576K
}
Event: 130.089 GC heap after
{Heap after GC invocations=98 (full 0):
 garbage-first heap   total 313344K, used 157062K [0x00000000c0000000, 0x0000000100000000)
  region size 1024K, 7 young (7168K), 7 survivors (7168K)
 Metaspace       used 100566K, committed 101312K, reserved 1179648K
  class space    used 13467K, committed 13824K, reserved 1048576K
}
Event: 135.751 GC heap before
{Heap before GC invocations=98 (full 0):
 garbage-first heap   total 313344K, used 255366K [0x00000000c0000000, 0x0000000100000000)
  region size 1024K, 102 young (104448K), 7 survivors (7168K)
 Metaspace       used 110707K, committed 111424K, reserved 1179648K
  class space    used 14744K, committed 15104K, reserved 1048576K
}
Event: 135.886 GC heap after
{Heap after GC invocations=99 (full 0):
 garbage-first heap   total 313344K, used 161977K [0x00000000c0000000, 0x0000000100000000)
  region size 1024K, 6 young (6144K), 6 survivors (6144K)
 Metaspace       used 110707K, committed 111424K, reserved 1179648K
  class space    used 14744K, committed 15104K, reserved 1048576K
}
Event: 141.099 GC heap before
{Heap before GC invocations=99 (full 0):
 garbage-first heap   total 313344K, used 249017K [0x00000000c0000000, 0x0000000100000000)
  region size 1024K, 92 young (94208K), 6 survivors (6144K)
 Metaspace       used 117099K, committed 117760K, reserved 1179648K
  class space    used 15485K, committed 15808K, reserved 1048576K
}
Event: 141.148 GC heap after
{Heap after GC invocations=100 (full 0):
 garbage-first heap   total 313344K, used 167097K [0x00000000c0000000, 0x0000000100000000)
  region size 1024K, 11 young (11264K), 11 survivors (11264K)
 Metaspace       used 117099K, committed 117760K, reserved 1179648K
  class space    used 15485K, committed 15808K, reserved 1048576K
}
Event: 148.466 GC heap before
{Heap before GC invocations=101 (full 0):
 garbage-first heap   total 313344K, used 254137K [0x00000000c0000000, 0x0000000100000000)
  region size 1024K, 100 young (102400K), 11 survivors (11264K)
 Metaspace       used 130025K, committed 130880K, reserved 1179648K
  class space    used 16839K, committed 17216K, reserved 1048576K
}
Event: 148.662 GC heap after
{Heap after GC invocations=102 (full 0):
 garbage-first heap   total 313344K, used 166282K [0x00000000c0000000, 0x0000000100000000)
  region size 1024K, 9 young (9216K), 9 survivors (9216K)
 Metaspace       used 130025K, committed 130880K, reserved 1179648K
  class space    used 16839K, committed 17216K, reserved 1048576K
}
Event: 149.696 GC heap before
{Heap before GC invocations=102 (full 0):
 garbage-first heap   total 313344K, used 171402K [0x00000000c0000000, 0x0000000100000000)
  region size 1024K, 15 young (15360K), 9 survivors (9216K)
 Metaspace       used 130948K, committed 131712K, reserved 1179648K
  class space    used 16931K, committed 17280K, reserved 1048576K
}
Event: 149.752 GC heap after
{Heap after GC invocations=103 (full 0):
 garbage-first heap   total 313344K, used 162816K [0x00000000c0000000, 0x0000000100000000)
  region size 1024K, 1 young (1024K), 1 survivors (1024K)
 Metaspace       used 130948K, committed 131712K, reserved 1179648K
  class space    used 16931K, committed 17280K, reserved 1048576K
}
Event: 156.330 GC heap before
{Heap before GC invocations=103 (full 0):
 garbage-first heap   total 313344K, used 265216K [0x00000000c0000000, 0x0000000100000000)
  region size 1024K, 97 young (99328K), 1 survivors (1024K)
 Metaspace       used 138843K, committed 139712K, reserved 1179648K
  class space    used 17957K, committed 18368K, reserved 1048576K
}
Event: 156.357 GC heap after
{Heap after GC invocations=104 (full 0):
 garbage-first heap   total 313344K, used 171938K [0x00000000c0000000, 0x0000000100000000)
  region size 1024K, 7 young (7168K), 7 survivors (7168K)
 Metaspace       used 138843K, committed 139712K, reserved 1179648K
  class space    used 17957K, committed 18368K, reserved 1048576K
}
Event: 163.851 GC heap before
{Heap before GC invocations=105 (full 0):
 garbage-first heap   total 313344K, used 269218K [0x00000000c0000000, 0x0000000100000000)
  region size 1024K, 96 young (98304K), 7 survivors (7168K)
 Metaspace       used 144999K, committed 145856K, reserved 1179648K
  class space    used 18766K, committed 19136K, reserved 1048576K
}
Event: 163.963 GC heap after
{Heap after GC invocations=106 (full 0):
 garbage-first heap   total 313344K, used 181070K [0x00000000c0000000, 0x0000000100000000)
  region size 1024K, 8 young (8192K), 8 survivors (8192K)
 Metaspace       used 144999K, committed 145856K, reserved 1179648K
  class space    used 18766K, committed 19136K, reserved 1048576K
}
Event: 164.932 GC heap before
{Heap before GC invocations=106 (full 0):
 garbage-first heap   total 313344K, used 188238K [0x00000000c0000000, 0x0000000100000000)
  region size 1024K, 15 young (15360K), 8 survivors (8192K)
 Metaspace       used 145724K, committed 146624K, reserved 1179648K
  class space    used 18832K, committed 19264K, reserved 1048576K
}
Event: 165.107 GC heap after
{Heap after GC invocations=107 (full 0):
 garbage-first heap   total 313344K, used 179851K [0x00000000c0000000, 0x0000000100000000)
  region size 1024K, 1 young (1024K), 1 survivors (1024K)
 Metaspace       used 145724K, committed 146624K, reserved 1179648K
  class space    used 18832K, committed 19264K, reserved 1048576K
}
Event: 171.395 GC heap before
{Heap before GC invocations=107 (full 0):
 garbage-first heap   total 313344K, used 261771K [0x00000000c0000000, 0x0000000100000000)
  region size 1024K, 82 young (83968K), 1 survivors (1024K)
 Metaspace       used 146820K, committed 147712K, reserved 1179648K
  class space    used 18916K, committed 19328K, reserved 1048576K
}
Event: 171.413 GC heap after
{Heap after GC invocations=108 (full 0):
 garbage-first heap   total 313344K, used 180030K [0x00000000c0000000, 0x0000000100000000)
  region size 1024K, 2 young (2048K), 2 survivors (2048K)
 Metaspace       used 146820K, committed 147712K, reserved 1179648K
  class space    used 18916K, committed 19328K, reserved 1048576K
}

